2019-05-03 10:18:47,604 INFO org.springframework.boot.StartupInfoLogger [main] Starting PerpuleAssignmentApplication on DESKTOP-DG5CNH1 with PID 8524 (D:\Programs\STS_Projects\Perpule_Assignment\target\classes started by Sohan Yadav in D:\Programs\STS_Projects\Perpule_Assignment)
2019-05-03 10:18:47,628 INFO org.springframework.boot.SpringApplication [main] No active profile set, falling back to default profiles: default
2019-05-03 10:19:17,871 WARN org.springframework.boot.test.json.DuplicateJsonObjectContextCustomizerFactory$DuplicateJsonObjectContextCustomizer [main] 

Found multiple occurrences of org.json.JSONObject on the class path:

	jar:file:/C:/Users/Sohan%20Yadav/.m2/repository/org/json/json/20090211/json-20090211.jar!/org/json/JSONObject.class
	jar:file:/C:/Users/Sohan%20Yadav/.m2/repository/com/vaadin/external/google/android-json/0.0.20131108.vaadin1/android-json-0.0.20131108.vaadin1.jar!/org/json/JSONObject.class

You may wish to exclude one of them to ensure predictable runtime behavior

2019-05-03 10:19:17,926 INFO org.springframework.boot.StartupInfoLogger [main] Starting PerpuleAssignmentApplicationTests on DESKTOP-DG5CNH1 with PID 8952 (started by Sohan Yadav in D:\Programs\STS_Projects\Perpule_Assignment)
2019-05-03 10:19:17,928 INFO org.springframework.boot.SpringApplication [main] No active profile set, falling back to default profiles: default
2019-05-03 10:19:19,840 INFO org.springframework.data.repository.config.RepositoryConfigurationDelegate [main] Bootstrapping Spring Data repositories in DEFAULT mode.
2019-05-03 10:19:19,974 INFO org.springframework.data.repository.config.RepositoryConfigurationDelegate [main] Finished Spring Data repository scanning in 120ms. Found 1 repository interfaces.
2019-05-03 10:19:20,944 INFO org.springframework.context.support.PostProcessorRegistrationDelegate$BeanPostProcessorChecker [main] Bean 'org.springframework.transaction.annotation.ProxyTransactionManagementConfiguration' of type [org.springframework.transaction.annotation.ProxyTransactionManagementConfiguration$$EnhancerBySpringCGLIB$$18adc3c1] is not eligible for getting processed by all BeanPostProcessors (for example: not eligible for auto-proxying)
2019-05-03 10:19:23,809 INFO com.zaxxer.hikari.HikariDataSource [main] HikariPool-1 - Starting...
2019-05-03 10:19:23,834 WARN com.zaxxer.hikari.util.DriverDataSource [main] Registered driver with driverClassName=org.apache.derby.jdbc.EmbeddedDriver was not found, trying direct instantiation.
2019-05-03 10:19:26,237 INFO com.zaxxer.hikari.pool.PoolBase [main] HikariPool-1 - Driver does not support get/set network timeout for connections. (Feature not implemented: No details.)
2019-05-03 10:19:26,264 INFO com.zaxxer.hikari.HikariDataSource [main] HikariPool-1 - Start completed.
2019-05-03 10:19:26,798 INFO org.hibernate.jpa.internal.util.LogHelper [main] HHH000204: Processing PersistenceUnitInfo [
	name: default
	...]
2019-05-03 10:19:27,152 INFO org.hibernate.Version [main] HHH000412: Hibernate Core {5.3.9.Final}
2019-05-03 10:19:27,159 INFO org.hibernate.cfg.Environment [main] HHH000206: hibernate.properties not found
2019-05-03 10:19:28,043 INFO org.hibernate.annotations.common.reflection.java.JavaReflectionManager [main] HCANN000001: Hibernate Commons Annotations {5.0.4.Final}
2019-05-03 10:19:29,678 INFO org.hibernate.dialect.Dialect [main] HHH000400: Using dialect: org.hibernate.dialect.DerbyTenSevenDialect
2019-05-03 10:19:35,218 INFO org.springframework.orm.jpa.AbstractEntityManagerFactoryBean [main] Initialized JPA EntityManagerFactory for persistence unit 'default'
2019-05-03 10:19:41,198 INFO org.springframework.scheduling.concurrent.ExecutorConfigurationSupport [main] Initializing ExecutorService 'applicationTaskExecutor'
2019-05-03 10:19:41,681 WARN org.springframework.boot.autoconfigure.orm.jpa.JpaBaseConfiguration$JpaWebConfiguration$JpaWebMvcConfiguration [main] spring.jpa.open-in-view is enabled by default. Therefore, database queries may be performed during view rendering. Explicitly configure spring.jpa.open-in-view to disable this warning
2019-05-03 10:19:43,491 INFO org.springframework.security.web.DefaultSecurityFilterChain [main] Creating filter chain: any request, [org.springframework.security.web.context.request.async.WebAsyncManagerIntegrationFilter@312f3050, org.springframework.security.web.context.SecurityContextPersistenceFilter@7717b4a0, org.springframework.security.web.header.HeaderWriterFilter@21f91efa, org.springframework.security.web.authentication.logout.LogoutFilter@3e9fb485, org.springframework.security.web.authentication.www.BasicAuthenticationFilter@2c0dca15, org.springframework.security.web.savedrequest.RequestCacheAwareFilter@28b5662d, org.springframework.security.web.servletapi.SecurityContextHolderAwareRequestFilter@191e654, org.springframework.security.web.authentication.AnonymousAuthenticationFilter@615bad16, org.springframework.security.web.session.SessionManagementFilter@350567f1, org.springframework.security.web.access.ExceptionTranslationFilter@1533338c, org.springframework.security.web.access.intercept.FilterSecurityInterceptor@6cc8c13c]
2019-05-03 10:19:43,806 INFO org.springframework.boot.StartupInfoLogger [main] Started PerpuleAssignmentApplicationTests in 27.507 seconds (JVM running for 33.583)
2019-05-03 10:19:44,330 INFO com.perpule.assignment.serviceImpl.CustomerServiceImpl [main] Extracting request data..
2019-05-03 10:19:44,603 INFO com.perpule.assignment.serviceImpl.CustomerServiceImpl [main] Customer Saved Successfully...
2019-05-03 10:19:44,785 INFO org.springframework.scheduling.concurrent.ExecutorConfigurationSupport [Thread-13] Shutting down ExecutorService 'applicationTaskExecutor'
2019-05-03 10:19:44,788 INFO org.springframework.orm.jpa.AbstractEntityManagerFactoryBean [Thread-13] Closing JPA EntityManagerFactory for persistence unit 'default'
2019-05-03 10:19:44,793 INFO com.zaxxer.hikari.HikariDataSource [Thread-13] HikariPool-1 - Shutdown initiated...
2019-05-03 10:19:44,798 INFO com.zaxxer.hikari.HikariDataSource [Thread-13] HikariPool-1 - Shutdown completed.
2019-05-03 10:22:47,071 WARN org.springframework.boot.test.json.DuplicateJsonObjectContextCustomizerFactory$DuplicateJsonObjectContextCustomizer [main] 

Found multiple occurrences of org.json.JSONObject on the class path:

	jar:file:/C:/Users/Sohan%20Yadav/.m2/repository/org/json/json/20090211/json-20090211.jar!/org/json/JSONObject.class
	jar:file:/C:/Users/Sohan%20Yadav/.m2/repository/com/vaadin/external/google/android-json/0.0.20131108.vaadin1/android-json-0.0.20131108.vaadin1.jar!/org/json/JSONObject.class

You may wish to exclude one of them to ensure predictable runtime behavior

2019-05-03 10:22:47,125 INFO org.springframework.boot.StartupInfoLogger [main] Starting PerpuleAssignmentApplicationTests on DESKTOP-DG5CNH1 with PID 12428 (started by Sohan Yadav in D:\Programs\STS_Projects\Perpule_Assignment)
2019-05-03 10:22:47,127 INFO org.springframework.boot.SpringApplication [main] No active profile set, falling back to default profiles: default
2019-05-03 10:22:49,219 INFO org.springframework.data.repository.config.RepositoryConfigurationDelegate [main] Bootstrapping Spring Data repositories in DEFAULT mode.
2019-05-03 10:22:49,349 INFO org.springframework.data.repository.config.RepositoryConfigurationDelegate [main] Finished Spring Data repository scanning in 116ms. Found 1 repository interfaces.
2019-05-03 10:22:50,273 INFO org.springframework.context.support.PostProcessorRegistrationDelegate$BeanPostProcessorChecker [main] Bean 'org.springframework.transaction.annotation.ProxyTransactionManagementConfiguration' of type [org.springframework.transaction.annotation.ProxyTransactionManagementConfiguration$$EnhancerBySpringCGLIB$$1e37dd37] is not eligible for getting processed by all BeanPostProcessors (for example: not eligible for auto-proxying)
2019-05-03 10:22:50,988 INFO com.zaxxer.hikari.HikariDataSource [main] HikariPool-1 - Starting...
2019-05-03 10:22:50,995 WARN com.zaxxer.hikari.util.DriverDataSource [main] Registered driver with driverClassName=org.apache.derby.jdbc.EmbeddedDriver was not found, trying direct instantiation.
2019-05-03 10:22:51,916 INFO com.zaxxer.hikari.pool.PoolBase [main] HikariPool-1 - Driver does not support get/set network timeout for connections. (Feature not implemented: No details.)
2019-05-03 10:22:51,923 INFO com.zaxxer.hikari.HikariDataSource [main] HikariPool-1 - Start completed.
2019-05-03 10:22:52,065 INFO org.hibernate.jpa.internal.util.LogHelper [main] HHH000204: Processing PersistenceUnitInfo [
	name: default
	...]
2019-05-03 10:22:52,172 INFO org.hibernate.Version [main] HHH000412: Hibernate Core {5.3.9.Final}
2019-05-03 10:22:52,175 INFO org.hibernate.cfg.Environment [main] HHH000206: hibernate.properties not found
2019-05-03 10:22:52,457 INFO org.hibernate.annotations.common.reflection.java.JavaReflectionManager [main] HCANN000001: Hibernate Commons Annotations {5.0.4.Final}
2019-05-03 10:22:53,621 INFO org.hibernate.dialect.Dialect [main] HHH000400: Using dialect: org.hibernate.dialect.DerbyTenSevenDialect
2019-05-03 10:22:58,004 INFO org.springframework.orm.jpa.AbstractEntityManagerFactoryBean [main] Initialized JPA EntityManagerFactory for persistence unit 'default'
2019-05-03 10:23:00,373 INFO org.springframework.scheduling.concurrent.ExecutorConfigurationSupport [main] Initializing ExecutorService 'applicationTaskExecutor'
2019-05-03 10:23:00,494 WARN org.springframework.boot.autoconfigure.orm.jpa.JpaBaseConfiguration$JpaWebConfiguration$JpaWebMvcConfiguration [main] spring.jpa.open-in-view is enabled by default. Therefore, database queries may be performed during view rendering. Explicitly configure spring.jpa.open-in-view to disable this warning
2019-05-03 10:23:01,419 INFO org.springframework.security.web.DefaultSecurityFilterChain [main] Creating filter chain: any request, [org.springframework.security.web.context.request.async.WebAsyncManagerIntegrationFilter@349f3ff7, org.springframework.security.web.context.SecurityContextPersistenceFilter@250a946, org.springframework.security.web.header.HeaderWriterFilter@2d4e99de, org.springframework.security.web.authentication.logout.LogoutFilter@336e3be2, org.springframework.security.web.authentication.www.BasicAuthenticationFilter@123ca460, org.springframework.security.web.savedrequest.RequestCacheAwareFilter@2ffb0d10, org.springframework.security.web.servletapi.SecurityContextHolderAwareRequestFilter@63e70bf9, org.springframework.security.web.authentication.AnonymousAuthenticationFilter@2487e20, org.springframework.security.web.session.SessionManagementFilter@79d49790, org.springframework.security.web.access.ExceptionTranslationFilter@34b2d51a, org.springframework.security.web.access.intercept.FilterSecurityInterceptor@61ad30f6]
2019-05-03 10:23:01,683 INFO org.springframework.boot.StartupInfoLogger [main] Started PerpuleAssignmentApplicationTests in 16.368 seconds (JVM running for 20.909)
2019-05-03 10:23:01,855 INFO com.perpule.assignment.serviceImpl.CustomerServiceImpl [main] Finding Customer By Id..
2019-05-03 10:23:01,980 INFO com.perpule.assignment.serviceImpl.CustomerServiceImpl [main] Get All Customers..
2019-05-03 10:23:02,078 INFO org.hibernate.hql.internal.QueryTranslatorFactoryInitiator [main] HHH000397: Using ASTQueryTranslatorFactory
2019-05-03 10:23:02,363 INFO com.perpule.assignment.serviceImpl.CustomerServiceImpl [main] Extracting request data..
2019-05-03 10:23:02,486 INFO com.perpule.assignment.serviceImpl.CustomerServiceImpl [main] Customer Saved Successfully...
2019-05-03 10:23:02,540 INFO org.springframework.scheduling.concurrent.ExecutorConfigurationSupport [Thread-13] Shutting down ExecutorService 'applicationTaskExecutor'
2019-05-03 10:23:02,548 INFO org.springframework.orm.jpa.AbstractEntityManagerFactoryBean [Thread-13] Closing JPA EntityManagerFactory for persistence unit 'default'
2019-05-03 10:23:02,554 INFO com.zaxxer.hikari.HikariDataSource [Thread-13] HikariPool-1 - Shutdown initiated...
2019-05-03 10:23:02,567 INFO com.zaxxer.hikari.HikariDataSource [Thread-13] HikariPool-1 - Shutdown completed.
2019-05-03 10:23:43,644 INFO org.springframework.boot.StartupInfoLogger [main] Starting PerpuleAssignmentApplication on DESKTOP-DG5CNH1 with PID 4052 (D:\Programs\STS_Projects\Perpule_Assignment\target\classes started by Sohan Yadav in D:\Programs\STS_Projects\Perpule_Assignment)
2019-05-03 10:23:43,655 INFO org.springframework.boot.SpringApplication [main] No active profile set, falling back to default profiles: default
2019-05-03 10:23:45,881 INFO org.springframework.data.repository.config.RepositoryConfigurationDelegate [main] Bootstrapping Spring Data repositories in DEFAULT mode.
2019-05-03 10:23:46,079 INFO org.springframework.data.repository.config.RepositoryConfigurationDelegate [main] Finished Spring Data repository scanning in 174ms. Found 1 repository interfaces.
2019-05-03 10:23:47,185 INFO org.springframework.context.support.PostProcessorRegistrationDelegate$BeanPostProcessorChecker [main] Bean 'org.springframework.transaction.annotation.ProxyTransactionManagementConfiguration' of type [org.springframework.transaction.annotation.ProxyTransactionManagementConfiguration$$EnhancerBySpringCGLIB$$220e814b] is not eligible for getting processed by all BeanPostProcessors (for example: not eligible for auto-proxying)
2019-05-03 10:23:48,397 INFO org.springframework.boot.web.embedded.tomcat.TomcatWebServer [main] Tomcat initialized with port(s): 8080 (http)
2019-05-03 10:23:48,452 INFO org.apache.juli.logging.DirectJDKLog [main] Initializing ProtocolHandler ["http-nio-8080"]
2019-05-03 10:23:48,502 INFO org.apache.juli.logging.DirectJDKLog [main] Starting service [Tomcat]
2019-05-03 10:23:48,504 INFO org.apache.juli.logging.DirectJDKLog [main] Starting Servlet engine: [Apache Tomcat/9.0.17]
2019-05-03 10:23:49,341 INFO org.apache.juli.logging.DirectJDKLog [main] Initializing Spring embedded WebApplicationContext
2019-05-03 10:23:49,343 INFO org.springframework.boot.web.servlet.context.ServletWebServerApplicationContext [main] Root WebApplicationContext: initialization completed in 5520 ms
2019-05-03 10:23:50,193 INFO com.zaxxer.hikari.HikariDataSource [main] HikariPool-1 - Starting...
2019-05-03 10:23:50,198 WARN com.zaxxer.hikari.util.DriverDataSource [main] Registered driver with driverClassName=org.apache.derby.jdbc.EmbeddedDriver was not found, trying direct instantiation.
2019-05-03 10:23:51,762 INFO com.zaxxer.hikari.pool.PoolBase [main] HikariPool-1 - Driver does not support get/set network timeout for connections. (Feature not implemented: No details.)
2019-05-03 10:23:51,775 INFO com.zaxxer.hikari.HikariDataSource [main] HikariPool-1 - Start completed.
2019-05-03 10:23:51,957 INFO org.hibernate.jpa.internal.util.LogHelper [main] HHH000204: Processing PersistenceUnitInfo [
	name: default
	...]
2019-05-03 10:23:52,153 INFO org.hibernate.Version [main] HHH000412: Hibernate Core {5.3.9.Final}
2019-05-03 10:23:52,157 INFO org.hibernate.cfg.Environment [main] HHH000206: hibernate.properties not found
2019-05-03 10:23:52,550 INFO org.hibernate.annotations.common.reflection.java.JavaReflectionManager [main] HCANN000001: Hibernate Commons Annotations {5.0.4.Final}
2019-05-03 10:23:52,935 INFO org.hibernate.dialect.Dialect [main] HHH000400: Using dialect: org.hibernate.dialect.DerbyTenSevenDialect
2019-05-03 10:23:55,604 INFO org.springframework.orm.jpa.AbstractEntityManagerFactoryBean [main] Initialized JPA EntityManagerFactory for persistence unit 'default'
2019-05-03 10:23:57,154 INFO org.springframework.scheduling.concurrent.ExecutorConfigurationSupport [main] Initializing ExecutorService 'applicationTaskExecutor'
2019-05-03 10:23:57,273 WARN org.springframework.boot.autoconfigure.orm.jpa.JpaBaseConfiguration$JpaWebConfiguration$JpaWebMvcConfiguration [main] spring.jpa.open-in-view is enabled by default. Therefore, database queries may be performed during view rendering. Explicitly configure spring.jpa.open-in-view to disable this warning
2019-05-03 10:23:57,978 INFO org.springframework.security.web.DefaultSecurityFilterChain [main] Creating filter chain: any request, [org.springframework.security.web.context.request.async.WebAsyncManagerIntegrationFilter@2c579202, org.springframework.security.web.context.SecurityContextPersistenceFilter@4438938e, org.springframework.security.web.header.HeaderWriterFilter@1c6e3ff9, org.springframework.security.web.authentication.logout.LogoutFilter@7c91fe86, org.springframework.security.web.authentication.www.BasicAuthenticationFilter@44aa91e2, org.springframework.security.web.savedrequest.RequestCacheAwareFilter@1c68d0db, org.springframework.security.web.servletapi.SecurityContextHolderAwareRequestFilter@7e2c6702, org.springframework.security.web.authentication.AnonymousAuthenticationFilter@49ced9c7, org.springframework.security.web.session.SessionManagementFilter@7404ddca, org.springframework.security.web.access.ExceptionTranslationFilter@11bfffb3, org.springframework.security.web.access.intercept.FilterSecurityInterceptor@6b9697ae]
2019-05-03 10:23:58,183 INFO org.apache.juli.logging.DirectJDKLog [main] Starting ProtocolHandler ["http-nio-8080"]
2019-05-03 10:23:58,423 INFO org.springframework.boot.web.embedded.tomcat.TomcatWebServer [main] Tomcat started on port(s): 8080 (http) with context path ''
2019-05-03 10:23:58,430 INFO org.springframework.boot.StartupInfoLogger [main] Started PerpuleAssignmentApplication in 16.303 seconds (JVM running for 19.314)
2019-05-03 10:43:22,563 INFO org.apache.juli.logging.DirectJDKLog [http-nio-8080-exec-1] Initializing Spring DispatcherServlet 'dispatcherServlet'
2019-05-03 10:43:22,570 INFO org.springframework.web.servlet.FrameworkServlet [http-nio-8080-exec-1] Initializing Servlet 'dispatcherServlet'
2019-05-03 10:43:22,684 INFO org.springframework.web.servlet.FrameworkServlet [http-nio-8080-exec-1] Completed initialization in 110 ms
2019-05-03 10:43:24,391 INFO com.perpule.assignment.serviceImpl.CustomerServiceImpl [http-nio-8080-exec-1] Finding Customer By Id..
2019-05-03 10:43:37,069 INFO com.perpule.assignment.serviceImpl.CustomerServiceImpl [http-nio-8080-exec-3] Finding Customer By Id..
2019-05-03 10:43:43,978 INFO com.perpule.assignment.serviceImpl.CustomerServiceImpl [http-nio-8080-exec-4] Get All Customers..
2019-05-03 10:43:44,142 INFO org.hibernate.hql.internal.QueryTranslatorFactoryInitiator [http-nio-8080-exec-4] HHH000397: Using ASTQueryTranslatorFactory
2019-05-03 10:44:16,232 INFO com.perpule.assignment.serviceImpl.CustomerServiceImpl [http-nio-8080-exec-6] Extracting request data..
2019-05-03 10:44:16,252 ERROR com.perpule.assignment.serviceImpl.CustomerServiceImpl [http-nio-8080-exec-6] JSONObject["occupation"] not found.
2019-05-03 10:44:35,813 INFO com.perpule.assignment.serviceImpl.CustomerServiceImpl [http-nio-8080-exec-8] Extracting request data..
2019-05-03 10:44:35,816 ERROR com.perpule.assignment.serviceImpl.CustomerServiceImpl [http-nio-8080-exec-8] JSONObject["mobile_no"] not found.
2019-05-03 10:44:59,146 INFO com.perpule.assignment.serviceImpl.CustomerServiceImpl [http-nio-8080-exec-10] Extracting request data..
2019-05-03 10:44:59,698 INFO com.perpule.assignment.serviceImpl.CustomerServiceImpl [http-nio-8080-exec-10] Customer Saved Successfully...
2019-05-03 10:45:05,903 INFO com.perpule.assignment.serviceImpl.CustomerServiceImpl [http-nio-8080-exec-2] Get All Customers..
2019-05-03 10:45:19,489 INFO com.perpule.assignment.serviceImpl.CustomerServiceImpl [http-nio-8080-exec-4] Finding Customer By Id..
2019-05-03 10:47:24,266 INFO org.springframework.boot.admin.SpringApplicationAdminMXBeanRegistrar$SpringApplicationAdmin [RMI TCP Connection(2)-127.0.0.1] Application shutdown requested.
2019-05-03 10:47:24,275 INFO org.springframework.scheduling.concurrent.ExecutorConfigurationSupport [RMI TCP Connection(2)-127.0.0.1] Shutting down ExecutorService 'applicationTaskExecutor'
2019-05-03 10:47:24,279 INFO org.springframework.orm.jpa.AbstractEntityManagerFactoryBean [RMI TCP Connection(2)-127.0.0.1] Closing JPA EntityManagerFactory for persistence unit 'default'
2019-05-03 10:47:24,308 INFO com.zaxxer.hikari.HikariDataSource [RMI TCP Connection(2)-127.0.0.1] HikariPool-1 - Shutdown initiated...
2019-05-03 10:47:24,322 INFO com.zaxxer.hikari.HikariDataSource [RMI TCP Connection(2)-127.0.0.1] HikariPool-1 - Shutdown completed.
2019-05-03 10:47:50,737 INFO org.springframework.boot.StartupInfoLogger [main] Starting PerpuleAssignmentApplication on DESKTOP-DG5CNH1 with PID 16140 (D:\Programs\STS_Projects\Perpule_Assignment\target\classes started by Sohan Yadav in D:\Programs\STS_Projects\Perpule_Assignment)
2019-05-03 10:47:50,795 INFO org.springframework.boot.SpringApplication [main] No active profile set, falling back to default profiles: default
2019-05-03 10:47:55,058 INFO org.springframework.data.repository.config.RepositoryConfigurationDelegate [main] Bootstrapping Spring Data repositories in DEFAULT mode.
2019-05-03 10:47:55,538 INFO org.springframework.data.repository.config.RepositoryConfigurationDelegate [main] Finished Spring Data repository scanning in 453ms. Found 1 repository interfaces.
2019-05-03 10:47:57,960 INFO org.springframework.context.support.PostProcessorRegistrationDelegate$BeanPostProcessorChecker [main] Bean 'org.springframework.transaction.annotation.ProxyTransactionManagementConfiguration' of type [org.springframework.transaction.annotation.ProxyTransactionManagementConfiguration$$EnhancerBySpringCGLIB$$1bc167ce] is not eligible for getting processed by all BeanPostProcessors (for example: not eligible for auto-proxying)
2019-05-03 10:48:03,038 INFO org.springframework.boot.web.embedded.tomcat.TomcatWebServer [main] Tomcat initialized with port(s): 8080 (http)
2019-05-03 10:48:03,146 INFO org.apache.juli.logging.DirectJDKLog [main] Initializing ProtocolHandler ["http-nio-8080"]
2019-05-03 10:48:03,309 INFO org.apache.juli.logging.DirectJDKLog [main] Starting service [Tomcat]
2019-05-03 10:48:03,312 INFO org.apache.juli.logging.DirectJDKLog [main] Starting Servlet engine: [Apache Tomcat/9.0.17]
2019-05-03 10:48:04,226 INFO org.apache.juli.logging.DirectJDKLog [main] Initializing Spring embedded WebApplicationContext
2019-05-03 10:48:04,228 INFO org.springframework.boot.web.servlet.context.ServletWebServerApplicationContext [main] Root WebApplicationContext: initialization completed in 13186 ms
2019-05-03 10:48:05,992 INFO com.zaxxer.hikari.HikariDataSource [main] HikariPool-1 - Starting...
2019-05-03 10:48:05,995 WARN com.zaxxer.hikari.util.DriverDataSource [main] Registered driver with driverClassName=org.apache.derby.jdbc.EmbeddedDriver was not found, trying direct instantiation.
2019-05-03 10:48:09,387 INFO com.zaxxer.hikari.pool.PoolBase [main] HikariPool-1 - Driver does not support get/set network timeout for connections. (Feature not implemented: No details.)
2019-05-03 10:48:09,436 INFO com.zaxxer.hikari.HikariDataSource [main] HikariPool-1 - Start completed.
2019-05-03 10:48:10,204 INFO org.hibernate.jpa.internal.util.LogHelper [main] HHH000204: Processing PersistenceUnitInfo [
	name: default
	...]
2019-05-03 10:48:10,537 INFO org.hibernate.Version [main] HHH000412: Hibernate Core {5.3.9.Final}
2019-05-03 10:48:10,541 INFO org.hibernate.cfg.Environment [main] HHH000206: hibernate.properties not found
2019-05-03 10:48:11,324 INFO org.hibernate.annotations.common.reflection.java.JavaReflectionManager [main] HCANN000001: Hibernate Commons Annotations {5.0.4.Final}
2019-05-03 10:48:11,805 INFO org.hibernate.dialect.Dialect [main] HHH000400: Using dialect: org.hibernate.dialect.DerbyTenSevenDialect
2019-05-03 10:48:19,737 INFO org.springframework.orm.jpa.AbstractEntityManagerFactoryBean [main] Initialized JPA EntityManagerFactory for persistence unit 'default'
2019-05-03 10:48:25,033 INFO org.springframework.scheduling.concurrent.ExecutorConfigurationSupport [main] Initializing ExecutorService 'applicationTaskExecutor'
2019-05-03 10:48:25,156 WARN org.springframework.boot.autoconfigure.orm.jpa.JpaBaseConfiguration$JpaWebConfiguration$JpaWebMvcConfiguration [main] spring.jpa.open-in-view is enabled by default. Therefore, database queries may be performed during view rendering. Explicitly configure spring.jpa.open-in-view to disable this warning
2019-05-03 10:48:26,282 INFO org.springframework.security.web.DefaultSecurityFilterChain [main] Creating filter chain: any request, [org.springframework.security.web.context.request.async.WebAsyncManagerIntegrationFilter@67e77f52, org.springframework.security.web.context.SecurityContextPersistenceFilter@163e8949, org.springframework.security.web.header.HeaderWriterFilter@582dcd35, org.springframework.security.web.authentication.logout.LogoutFilter@f03ee8f, org.springframework.security.web.authentication.www.BasicAuthenticationFilter@5599b5bb, org.springframework.security.web.savedrequest.RequestCacheAwareFilter@64c25a62, org.springframework.security.web.servletapi.SecurityContextHolderAwareRequestFilter@16a6dc21, org.springframework.security.web.authentication.AnonymousAuthenticationFilter@7ead1d80, org.springframework.security.web.session.SessionManagementFilter@7aae1170, org.springframework.security.web.access.ExceptionTranslationFilter@1d17423f, org.springframework.security.web.access.intercept.FilterSecurityInterceptor@51d8f2f2]
2019-05-03 10:48:26,512 INFO org.apache.juli.logging.DirectJDKLog [main] Starting ProtocolHandler ["http-nio-8080"]
2019-05-03 10:48:26,640 INFO org.springframework.boot.web.embedded.tomcat.TomcatWebServer [main] Tomcat started on port(s): 8080 (http) with context path ''
2019-05-03 10:48:26,652 INFO org.springframework.boot.StartupInfoLogger [main] Started PerpuleAssignmentApplication in 38.85 seconds (JVM running for 46.038)
2019-05-03 10:50:54,034 INFO org.apache.juli.logging.DirectJDKLog [http-nio-8080-exec-1] Initializing Spring DispatcherServlet 'dispatcherServlet'
2019-05-03 10:50:54,037 INFO org.springframework.web.servlet.FrameworkServlet [http-nio-8080-exec-1] Initializing Servlet 'dispatcherServlet'
2019-05-03 10:50:54,070 INFO org.springframework.web.servlet.FrameworkServlet [http-nio-8080-exec-1] Completed initialization in 31 ms
2019-05-03 10:50:55,223 INFO com.perpule.assignment.serviceImpl.CustomerServiceImpl [http-nio-8080-exec-1] Extracting request data..
2019-05-03 10:50:55,628 INFO com.perpule.assignment.serviceImpl.CustomerServiceImpl [http-nio-8080-exec-1] Customer Saved Successfully...
2019-05-03 10:51:16,069 INFO com.perpule.assignment.serviceImpl.CustomerServiceImpl [http-nio-8080-exec-3] Finding Customer By Id..
2019-05-03 10:51:39,298 INFO com.perpule.assignment.serviceImpl.CustomerServiceImpl [http-nio-8080-exec-5] Get All Customers..
2019-05-03 10:51:39,921 INFO org.hibernate.hql.internal.QueryTranslatorFactoryInitiator [http-nio-8080-exec-5] HHH000397: Using ASTQueryTranslatorFactory
