2019-05-02 18:23:02,795 INFO org.springframework.boot.StartupInfoLogger [main] Starting PerpuleAssignmentApplication on DESKTOP-DG5CNH1 with PID 6308 (D:\Programs\STS_Projects\Perpule_Assignment\target\classes started by Sohan Yadav in D:\Programs\STS_Projects\Perpule_Assignment)
2019-05-02 18:23:02,813 INFO org.springframework.boot.SpringApplication [main] No active profile set, falling back to default profiles: default
2019-05-02 18:23:05,532 INFO org.springframework.data.repository.config.RepositoryConfigurationDelegate [main] Bootstrapping Spring Data repositories in DEFAULT mode.
2019-05-02 18:23:05,797 INFO org.springframework.data.repository.config.RepositoryConfigurationDelegate [main] Finished Spring Data repository scanning in 236ms. Found 1 repository interfaces.
2019-05-02 18:23:07,148 INFO org.springframework.context.support.PostProcessorRegistrationDelegate$BeanPostProcessorChecker [main] Bean 'org.springframework.transaction.annotation.ProxyTransactionManagementConfiguration' of type [org.springframework.transaction.annotation.ProxyTransactionManagementConfiguration$$EnhancerBySpringCGLIB$$f6d8131e] is not eligible for getting processed by all BeanPostProcessors (for example: not eligible for auto-proxying)
2019-05-02 18:23:08,549 INFO org.springframework.boot.web.embedded.tomcat.TomcatWebServer [main] Tomcat initialized with port(s): 8080 (http)
2019-05-02 18:23:08,628 INFO org.apache.juli.logging.DirectJDKLog [main] Initializing ProtocolHandler ["http-nio-8080"]
2019-05-02 18:23:08,674 INFO org.apache.juli.logging.DirectJDKLog [main] Starting service [Tomcat]
2019-05-02 18:23:08,676 INFO org.apache.juli.logging.DirectJDKLog [main] Starting Servlet engine: [Apache Tomcat/9.0.17]
2019-05-02 18:23:09,552 INFO org.apache.juli.logging.DirectJDKLog [main] Initializing Spring embedded WebApplicationContext
2019-05-02 18:23:09,554 INFO org.springframework.boot.web.servlet.context.ServletWebServerApplicationContext [main] Root WebApplicationContext: initialization completed in 6547 ms
2019-05-02 18:23:12,195 INFO com.zaxxer.hikari.HikariDataSource [main] HikariPool-1 - Starting...
2019-05-02 18:23:12,200 WARN com.zaxxer.hikari.util.DriverDataSource [main] Registered driver with driverClassName=org.apache.derby.jdbc.EmbeddedDriver was not found, trying direct instantiation.
2019-05-02 18:23:14,978 INFO com.zaxxer.hikari.pool.PoolBase [main] HikariPool-1 - Driver does not support get/set network timeout for connections. (Feature not implemented: No details.)
2019-05-02 18:23:15,018 INFO com.zaxxer.hikari.HikariDataSource [main] HikariPool-1 - Start completed.
2019-05-02 18:23:15,438 INFO org.hibernate.jpa.internal.util.LogHelper [main] HHH000204: Processing PersistenceUnitInfo [
	name: default
	...]
2019-05-02 18:23:15,785 INFO org.hibernate.Version [main] HHH000412: Hibernate Core {5.3.9.Final}
2019-05-02 18:23:15,793 INFO org.hibernate.cfg.Environment [main] HHH000206: hibernate.properties not found
2019-05-02 18:23:16,530 INFO org.hibernate.annotations.common.reflection.java.JavaReflectionManager [main] HCANN000001: Hibernate Commons Annotations {5.0.4.Final}
2019-05-02 18:23:17,147 INFO org.hibernate.dialect.Dialect [main] HHH000400: Using dialect: org.hibernate.dialect.DerbyTenSevenDialect
2019-05-02 18:23:25,861 INFO org.springframework.orm.jpa.AbstractEntityManagerFactoryBean [main] Initialized JPA EntityManagerFactory for persistence unit 'default'
2019-05-02 18:23:27,774 INFO org.springframework.scheduling.concurrent.ExecutorConfigurationSupport [main] Initializing ExecutorService 'applicationTaskExecutor'
2019-05-02 18:23:27,954 WARN org.springframework.boot.autoconfigure.orm.jpa.JpaBaseConfiguration$JpaWebConfiguration$JpaWebMvcConfiguration [main] spring.jpa.open-in-view is enabled by default. Therefore, database queries may be performed during view rendering. Explicitly configure spring.jpa.open-in-view to disable this warning
2019-05-02 18:23:28,828 INFO org.springframework.security.web.DefaultSecurityFilterChain [main] Creating filter chain: any request, [org.springframework.security.web.context.request.async.WebAsyncManagerIntegrationFilter@6108fd23, org.springframework.security.web.context.SecurityContextPersistenceFilter@6bf77ee, org.springframework.security.web.header.HeaderWriterFilter@144dc2f7, org.springframework.security.web.authentication.logout.LogoutFilter@476a2819, org.springframework.security.web.authentication.www.BasicAuthenticationFilter@3da61af2, org.springframework.security.web.savedrequest.RequestCacheAwareFilter@372841d2, org.springframework.security.web.servletapi.SecurityContextHolderAwareRequestFilter@11174bf, org.springframework.security.web.authentication.AnonymousAuthenticationFilter@746f8520, org.springframework.security.web.session.SessionManagementFilter@96dfcbb, org.springframework.security.web.access.ExceptionTranslationFilter@3bbc47c9, org.springframework.security.web.access.intercept.FilterSecurityInterceptor@40a84ea8]
2019-05-02 18:23:30,031 INFO org.apache.juli.logging.DirectJDKLog [main] Starting ProtocolHandler ["http-nio-8080"]
2019-05-02 18:23:30,313 INFO org.springframework.boot.web.embedded.tomcat.TomcatWebServer [main] Tomcat started on port(s): 8080 (http) with context path ''
2019-05-02 18:23:30,321 INFO org.springframework.boot.StartupInfoLogger [main] Started PerpuleAssignmentApplication in 31.96 seconds (JVM running for 35.754)
2019-05-02 18:23:49,199 INFO org.apache.juli.logging.DirectJDKLog [http-nio-8080-exec-2] Initializing Spring DispatcherServlet 'dispatcherServlet'
2019-05-02 18:23:49,202 INFO org.springframework.web.servlet.FrameworkServlet [http-nio-8080-exec-2] Initializing Servlet 'dispatcherServlet'
2019-05-02 18:23:49,232 INFO org.springframework.web.servlet.FrameworkServlet [http-nio-8080-exec-2] Completed initialization in 29 ms
2019-05-02 18:23:50,364 INFO com.perpule.assignment.service.CustomerServiceImpl [http-nio-8080-exec-2] Extracting request data..
2019-05-02 18:23:50,919 INFO com.perpule.assignment.service.CustomerServiceImpl [http-nio-8080-exec-2] Customer Saved Successfully...
2019-05-02 18:42:54,845 INFO org.springframework.boot.StartupInfoLogger [main] Starting PerpuleAssignmentApplication on DESKTOP-DG5CNH1 with PID 16000 (D:\Programs\STS_Projects\Perpule_Assignment\target\classes started by Sohan Yadav in D:\Programs\STS_Projects\Perpule_Assignment)
2019-05-02 18:42:54,861 INFO org.springframework.boot.SpringApplication [main] No active profile set, falling back to default profiles: default
2019-05-02 18:42:57,559 INFO org.springframework.data.repository.config.RepositoryConfigurationDelegate [main] Bootstrapping Spring Data repositories in DEFAULT mode.
2019-05-02 18:42:57,789 INFO org.springframework.data.repository.config.RepositoryConfigurationDelegate [main] Finished Spring Data repository scanning in 200ms. Found 1 repository interfaces.
2019-05-02 18:42:59,208 INFO org.springframework.context.support.PostProcessorRegistrationDelegate$BeanPostProcessorChecker [main] Bean 'org.springframework.transaction.annotation.ProxyTransactionManagementConfiguration' of type [org.springframework.transaction.annotation.ProxyTransactionManagementConfiguration$$EnhancerBySpringCGLIB$$85792988] is not eligible for getting processed by all BeanPostProcessors (for example: not eligible for auto-proxying)
2019-05-02 18:43:00,454 INFO org.springframework.boot.web.embedded.tomcat.TomcatWebServer [main] Tomcat initialized with port(s): 8080 (http)
2019-05-02 18:43:00,546 INFO org.apache.juli.logging.DirectJDKLog [main] Initializing ProtocolHandler ["http-nio-8080"]
2019-05-02 18:43:00,617 INFO org.apache.juli.logging.DirectJDKLog [main] Starting service [Tomcat]
2019-05-02 18:43:00,620 INFO org.apache.juli.logging.DirectJDKLog [main] Starting Servlet engine: [Apache Tomcat/9.0.17]
2019-05-02 18:43:01,957 INFO org.apache.juli.logging.DirectJDKLog [main] Initializing Spring embedded WebApplicationContext
2019-05-02 18:43:01,959 INFO org.springframework.boot.web.servlet.context.ServletWebServerApplicationContext [main] Root WebApplicationContext: initialization completed in 6907 ms
2019-05-02 18:43:03,042 INFO com.zaxxer.hikari.HikariDataSource [main] HikariPool-1 - Starting...
2019-05-02 18:43:03,046 WARN com.zaxxer.hikari.util.DriverDataSource [main] Registered driver with driverClassName=org.apache.derby.jdbc.EmbeddedDriver was not found, trying direct instantiation.
2019-05-02 18:43:05,115 INFO com.zaxxer.hikari.pool.PoolBase [main] HikariPool-1 - Driver does not support get/set network timeout for connections. (Feature not implemented: No details.)
2019-05-02 18:43:05,143 INFO com.zaxxer.hikari.HikariDataSource [main] HikariPool-1 - Start completed.
2019-05-02 18:43:05,549 INFO org.hibernate.jpa.internal.util.LogHelper [main] HHH000204: Processing PersistenceUnitInfo [
	name: default
	...]
2019-05-02 18:43:06,042 INFO org.hibernate.Version [main] HHH000412: Hibernate Core {5.3.9.Final}
2019-05-02 18:43:06,052 INFO org.hibernate.cfg.Environment [main] HHH000206: hibernate.properties not found
2019-05-02 18:43:06,759 INFO org.hibernate.annotations.common.reflection.java.JavaReflectionManager [main] HCANN000001: Hibernate Commons Annotations {5.0.4.Final}
2019-05-02 18:43:07,419 INFO org.hibernate.dialect.Dialect [main] HHH000400: Using dialect: org.hibernate.dialect.DerbyTenSevenDialect
2019-05-02 18:43:16,001 INFO org.springframework.orm.jpa.AbstractEntityManagerFactoryBean [main] Initialized JPA EntityManagerFactory for persistence unit 'default'
2019-05-02 18:43:18,361 INFO org.springframework.scheduling.concurrent.ExecutorConfigurationSupport [main] Initializing ExecutorService 'applicationTaskExecutor'
2019-05-02 18:43:18,549 WARN org.springframework.boot.autoconfigure.orm.jpa.JpaBaseConfiguration$JpaWebConfiguration$JpaWebMvcConfiguration [main] spring.jpa.open-in-view is enabled by default. Therefore, database queries may be performed during view rendering. Explicitly configure spring.jpa.open-in-view to disable this warning
2019-05-02 18:43:19,515 INFO org.springframework.security.web.DefaultSecurityFilterChain [main] Creating filter chain: any request, [org.springframework.security.web.context.request.async.WebAsyncManagerIntegrationFilter@476a970c, org.springframework.security.web.context.SecurityContextPersistenceFilter@7b58d678, org.springframework.security.web.header.HeaderWriterFilter@16f8df70, org.springframework.security.web.authentication.logout.LogoutFilter@10b3ea72, org.springframework.security.web.authentication.www.BasicAuthenticationFilter@e3692ca, org.springframework.security.web.savedrequest.RequestCacheAwareFilter@641bc9a8, org.springframework.security.web.servletapi.SecurityContextHolderAwareRequestFilter@3e0704e2, org.springframework.security.web.authentication.AnonymousAuthenticationFilter@1ce57bbb, org.springframework.security.web.session.SessionManagementFilter@602aeb87, org.springframework.security.web.access.ExceptionTranslationFilter@6d5de79a, org.springframework.security.web.access.intercept.FilterSecurityInterceptor@308be1a3]
2019-05-02 18:43:19,802 INFO org.apache.juli.logging.DirectJDKLog [main] Starting ProtocolHandler ["http-nio-8080"]
2019-05-02 18:43:20,781 INFO org.springframework.boot.web.embedded.tomcat.TomcatWebServer [main] Tomcat started on port(s): 8080 (http) with context path ''
2019-05-02 18:43:20,813 INFO org.springframework.boot.StartupInfoLogger [main] Started PerpuleAssignmentApplication in 28.26 seconds (JVM running for 32.395)
2019-05-02 20:34:41,917 WARN com.zaxxer.hikari.pool.HikariPool$HouseKeeper [HikariPool-1 housekeeper] HikariPool-1 - Thread starvation or clock leap detected (housekeeper delta=39m18s894ms416µs800ns).
2019-05-02 21:07:35,001 WARN com.zaxxer.hikari.pool.HikariPool$HouseKeeper [HikariPool-1 housekeeper] HikariPool-1 - Thread starvation or clock leap detected (housekeeper delta=28m5s675ms838µs900ns).
2019-05-02 21:11:56,684 INFO org.springframework.boot.admin.SpringApplicationAdminMXBeanRegistrar$SpringApplicationAdmin [RMI TCP Connection(2)-127.0.0.1] Application shutdown requested.
2019-05-02 21:12:05,770 INFO org.springframework.scheduling.concurrent.ExecutorConfigurationSupport [RMI TCP Connection(2)-127.0.0.1] Shutting down ExecutorService 'applicationTaskExecutor'
2019-05-02 21:12:06,180 INFO org.springframework.orm.jpa.AbstractEntityManagerFactoryBean [RMI TCP Connection(2)-127.0.0.1] Closing JPA EntityManagerFactory for persistence unit 'default'
2019-05-02 21:12:11,570 INFO com.zaxxer.hikari.HikariDataSource [RMI TCP Connection(2)-127.0.0.1] HikariPool-1 - Shutdown initiated...
2019-05-02 21:12:11,759 INFO com.zaxxer.hikari.HikariDataSource [RMI TCP Connection(2)-127.0.0.1] HikariPool-1 - Shutdown completed.
